2018-05-20T09:03:25+00:00 CRITICAL Uncaught Error: Class 'Yoast_Modal' not found in /opt/bitnami/apps/wordpress/htdocs/wp-content/plugins/wordpress-seo/admin/class-admin.php:92
Stack trace:
#0 /opt/bitnami/apps/wordpress/htdocs/wp-content/plugins/wordpress-seo/admin/class-admin-init.php(31): WPSEO_Admin->__construct()
#1 /opt/bitnami/apps/wordpress/htdocs/wp-content/plugins/wordpress-seo/wp-seo-main.php(374): WPSEO_Admin_Init->__construct()
#2 /opt/bitnami/apps/wordpress/htdocs/wp-includes/class-wp-hook.php(286): wpseo_admin_init('')
#3 /opt/bitnami/apps/wordpress/htdocs/wp-includes/class-wp-hook.php(310): WP_Hook->apply_filters(NULL, Array)
#4 /opt/bitnami/apps/wordpress/htdocs/wp-includes/plugin.php(453): WP_Hook->do_action(Array)
#5 /opt/bitnami/apps/wordpress/htdocs/wp-settings.php(327): do_action('plugins_loaded')
#6 /opt/bitnami/apps/wordpress/htdocs/wp-config.php(111): require_once('/opt/bitnami/ap...')
#7 /opt/bitnami/apps/wordpress/htdocs/wp-load.php(37): require_once('/opt/bitnami/ap...')
#8 /opt/bitnami/apps/wordpress/htdocs/wp-admi

2018-05-20T09:03:29+00:00 CRITICAL Uncaught Error: Class 'Yoast_Modal' not found in /opt/bitnami/apps/wordpress/htdocs/wp-content/plugins/wordpress-seo/admin/class-admin.php:92
Stack trace:
#0 /opt/bitnami/apps/wordpress/htdocs/wp-content/plugins/wordpress-seo/admin/class-admin-init.php(31): WPSEO_Admin->__construct()
#1 /opt/bitnami/apps/wordpress/htdocs/wp-content/plugins/wordpress-seo/wp-seo-main.php(374): WPSEO_Admin_Init->__construct()
#2 /opt/bitnami/apps/wordpress/htdocs/wp-includes/class-wp-hook.php(286): wpseo_admin_init('')
#3 /opt/bitnami/apps/wordpress/htdocs/wp-includes/class-wp-hook.php(310): WP_Hook->apply_filters(NULL, Array)
#4 /opt/bitnami/apps/wordpress/htdocs/wp-includes/plugin.php(453): WP_Hook->do_action(Array)
#5 /opt/bitnami/apps/wordpress/htdocs/wp-settings.php(327): do_action('plugins_loaded')
#6 /opt/bitnami/apps/wordpress/htdocs/wp-config.php(111): require_once('/opt/bitnami/ap...')
#7 /opt/bitnami/apps/wordpress/htdocs/wp-load.php(37): require_once('/opt/bitnami/ap...')
#8 /opt/bitnami/apps/wordpress/htdocs/wp-admi

2018-05-20T09:03:37+00:00 CRITICAL Uncaught Error: Class 'Yoast_Modal' not found in /opt/bitnami/apps/wordpress/htdocs/wp-content/plugins/wordpress-seo/admin/class-admin.php:92
Stack trace:
#0 /opt/bitnami/apps/wordpress/htdocs/wp-content/plugins/wordpress-seo/admin/class-admin-init.php(31): WPSEO_Admin->__construct()
#1 /opt/bitnami/apps/wordpress/htdocs/wp-content/plugins/wordpress-seo/wp-seo-main.php(374): WPSEO_Admin_Init->__construct()
#2 /opt/bitnami/apps/wordpress/htdocs/wp-includes/class-wp-hook.php(286): wpseo_admin_init('')
#3 /opt/bitnami/apps/wordpress/htdocs/wp-includes/class-wp-hook.php(310): WP_Hook->apply_filters(NULL, Array)
#4 /opt/bitnami/apps/wordpress/htdocs/wp-includes/plugin.php(453): WP_Hook->do_action(Array)
#5 /opt/bitnami/apps/wordpress/htdocs/wp-settings.php(327): do_action('plugins_loaded')
#6 /opt/bitnami/apps/wordpress/htdocs/wp-config.php(111): require_once('/opt/bitnami/ap...')
#7 /opt/bitnami/apps/wordpress/htdocs/wp-load.php(37): require_once('/opt/bitnami/ap...')
#8 /opt/bitnami/apps/wordpress/htdocs/wp-admi

2018-05-20T09:03:41+00:00 CRITICAL Uncaught Error: Class 'Yoast_Modal' not found in /opt/bitnami/apps/wordpress/htdocs/wp-content/plugins/wordpress-seo/admin/class-admin.php:92
Stack trace:
#0 /opt/bitnami/apps/wordpress/htdocs/wp-content/plugins/wordpress-seo/admin/class-admin-init.php(31): WPSEO_Admin->__construct()
#1 /opt/bitnami/apps/wordpress/htdocs/wp-content/plugins/wordpress-seo/wp-seo-main.php(374): WPSEO_Admin_Init->__construct()
#2 /opt/bitnami/apps/wordpress/htdocs/wp-includes/class-wp-hook.php(286): wpseo_admin_init('')
#3 /opt/bitnami/apps/wordpress/htdocs/wp-includes/class-wp-hook.php(310): WP_Hook->apply_filters(NULL, Array)
#4 /opt/bitnami/apps/wordpress/htdocs/wp-includes/plugin.php(453): WP_Hook->do_action(Array)
#5 /opt/bitnami/apps/wordpress/htdocs/wp-settings.php(327): do_action('plugins_loaded')
#6 /opt/bitnami/apps/wordpress/htdocs/wp-config.php(111): require_once('/opt/bitnami/ap...')
#7 /opt/bitnami/apps/wordpress/htdocs/wp-load.php(37): require_once('/opt/bitnami/ap...')
#8 /opt/bitnami/apps/wordpress/htdocs/wp-admi

2018-05-20T09:03:44+00:00 CRITICAL Uncaught Error: Class 'Yoast_Modal' not found in /opt/bitnami/apps/wordpress/htdocs/wp-content/plugins/wordpress-seo/admin/class-admin.php:92
Stack trace:
#0 /opt/bitnami/apps/wordpress/htdocs/wp-content/plugins/wordpress-seo/admin/class-admin-init.php(31): WPSEO_Admin->__construct()
#1 /opt/bitnami/apps/wordpress/htdocs/wp-content/plugins/wordpress-seo/wp-seo-main.php(374): WPSEO_Admin_Init->__construct()
#2 /opt/bitnami/apps/wordpress/htdocs/wp-includes/class-wp-hook.php(286): wpseo_admin_init('')
#3 /opt/bitnami/apps/wordpress/htdocs/wp-includes/class-wp-hook.php(310): WP_Hook->apply_filters(NULL, Array)
#4 /opt/bitnami/apps/wordpress/htdocs/wp-includes/plugin.php(453): WP_Hook->do_action(Array)
#5 /opt/bitnami/apps/wordpress/htdocs/wp-settings.php(327): do_action('plugins_loaded')
#6 /opt/bitnami/apps/wordpress/htdocs/wp-config.php(111): require_once('/opt/bitnami/ap...')
#7 /opt/bitnami/apps/wordpress/htdocs/wp-load.php(37): require_once('/opt/bitnami/ap...')
#8 /opt/bitnami/apps/wordpress/htdocs/wp-admi

2018-05-20T09:03:55+00:00 CRITICAL Uncaught Error: Class 'Yoast_Modal' not found in /opt/bitnami/apps/wordpress/htdocs/wp-content/plugins/wordpress-seo/admin/class-admin.php:92
Stack trace:
#0 /opt/bitnami/apps/wordpress/htdocs/wp-content/plugins/wordpress-seo/admin/class-admin-init.php(31): WPSEO_Admin->__construct()
#1 /opt/bitnami/apps/wordpress/htdocs/wp-content/plugins/wordpress-seo/wp-seo-main.php(374): WPSEO_Admin_Init->__construct()
#2 /opt/bitnami/apps/wordpress/htdocs/wp-includes/class-wp-hook.php(286): wpseo_admin_init('')
#3 /opt/bitnami/apps/wordpress/htdocs/wp-includes/class-wp-hook.php(310): WP_Hook->apply_filters(NULL, Array)
#4 /opt/bitnami/apps/wordpress/htdocs/wp-includes/plugin.php(453): WP_Hook->do_action(Array)
#5 /opt/bitnami/apps/wordpress/htdocs/wp-settings.php(327): do_action('plugins_loaded')
#6 /opt/bitnami/apps/wordpress/htdocs/wp-config.php(111): require_once('/opt/bitnami/ap...')
#7 /opt/bitnami/apps/wordpress/htdocs/wp-load.php(37): require_once('/opt/bitnami/ap...')
#8 /opt/bitnami/apps/wordpress/htdocs/wp-admi

